c:\users\rlacj\documents\visual studio projects\directxsamples\textures\debug\vc140.pdb
c:\users\rlacj\documents\visual studio projects\directxsamples\textures\debug\vc140.idb
c:\users\rlacj\documents\visual studio projects\directxsamples\textures\debug\textures.obj
c:\users\rlacj\documents\visual studio projects\directxsamples\textures\debug\textures.ilk
c:\users\rlacj\documents\visual studio projects\directxsamples\textures\debug\textures.exe
c:\users\rlacj\documents\visual studio projects\directxsamples\textures\debug\textures.pdb
c:\users\rlacj\documents\visual studio projects\directxsamples\textures\debug\textures.res
c:\users\rlacj\documents\github\computergraphics\textures\debug\textures.obj
c:\users\rlacj\documents\github\computergraphics\textures\debug\textures.ilk
c:\users\rlacj\documents\github\computergraphics\textures\debug\textures.res
c:\users\rlacj\documents\github\computergraphics\textures\debug\vc140.idb
c:\users\rlacj\documents\github\computergraphics\textures\debug\textures.pdb
c:\users\rlacj\documents\github\computergraphics\textures\debug\vc140.pdb
c:\users\rlacj\documents\github\computergraphics\textures\debug\textures.exe
c:\users\rlacj\documents\github\computergraphics\textures\debug\textures.tlog\cl.command.1.tlog
c:\users\rlacj\documents\github\computergraphics\textures\debug\textures.tlog\cl.read.1.tlog
c:\users\rlacj\documents\github\computergraphics\textures\debug\textures.tlog\cl.write.1.tlog
c:\users\rlacj\documents\github\computergraphics\textures\debug\textures.tlog\link.command.1.tlog
c:\users\rlacj\documents\github\computergraphics\textures\debug\textures.tlog\link.read.1.tlog
c:\users\rlacj\documents\github\computergraphics\textures\debug\textures.tlog\link.write.1.tlog
c:\users\rlacj\documents\github\computergraphics\textures\debug\textures.tlog\rc.command.1.tlog
c:\users\rlacj\documents\github\computergraphics\textures\debug\textures.tlog\rc.read.1.tlog
c:\users\rlacj\documents\github\computergraphics\textures\debug\textures.tlog\rc.write.1.tlog
