c:\users\rlacj\desktop\김청수\3학년 1학기\컴퓨터 그래픽 실습\matrices49860489\debug\vc140.pdb
c:\users\rlacj\desktop\김청수\3학년 1학기\컴퓨터 그래픽 실습\matrices49860489\debug\vc140.idb
c:\users\rlacj\desktop\김청수\3학년 1학기\컴퓨터 그래픽 실습\matrices49860489\debug\matrices49860489.obj
c:\users\rlacj\documents\github\computergraphics\shooting game\debug\vc140.pdb
c:\users\rlacj\documents\github\computergraphics\shooting game\debug\vc140.idb
c:\users\rlacj\documents\github\computergraphics\shooting game\debug\matrices49860489.obj
c:\users\rlacj\desktop\김청수\3학년 1학기\컴퓨터 그래픽 실습\matrices49860489\debug\matrices49860489.ilk
c:\users\rlacj\desktop\김청수\3학년 1학기\컴퓨터 그래픽 실습\matrices49860489\debug\matrices49860489.exe
c:\users\rlacj\desktop\김청수\3학년 1학기\컴퓨터 그래픽 실습\matrices49860489\debug\matrices49860489.pdb
c:\users\rlacj\documents\github\computergraphics\shooting game\debug\matrices49860489.ilk
c:\users\rlacj\documents\github\computergraphics\shooting game\debug\matrices49860489.exe
c:\users\rlacj\documents\github\computergraphics\shooting game\debug\matrices49860489.pdb
c:\users\rlacj\desktop\김청수\3학년 1학기\컴퓨터 그래픽 실습\matrices49860489\debug\matrices49860489.res
c:\users\rlacj\documents\github\computergraphics\shooting game\debug\matrices49860489.res
c:\users\rlacj\documents\github\computergraphics\shooting game\debug\matrices49860489.tlog\cl.command.1.tlog
c:\users\rlacj\documents\github\computergraphics\shooting game\debug\matrices49860489.tlog\cl.read.1.tlog
c:\users\rlacj\documents\github\computergraphics\shooting game\debug\matrices49860489.tlog\cl.write.1.tlog
c:\users\rlacj\documents\github\computergraphics\shooting game\debug\matrices49860489.tlog\link.command.1.tlog
c:\users\rlacj\documents\github\computergraphics\shooting game\debug\matrices49860489.tlog\link.read.1.tlog
c:\users\rlacj\documents\github\computergraphics\shooting game\debug\matrices49860489.tlog\link.write.1.tlog
c:\users\rlacj\documents\github\computergraphics\shooting game\debug\matrices49860489.tlog\rc.command.1.tlog
c:\users\rlacj\documents\github\computergraphics\shooting game\debug\matrices49860489.tlog\rc.read.1.tlog
c:\users\rlacj\documents\github\computergraphics\shooting game\debug\matrices49860489.tlog\rc.write.1.tlog
