  Shooting Game.cpp
c:\users\rlacj\desktop\김청수\3학년 1학기\컴퓨터 그래픽 실습\shooting game project(final)\shooting game.cpp(90): warning C4244: '=': 'double'에서 'float'(으)로 변환하면서 데이터가 손실될 수 있습니다.
c:\users\rlacj\desktop\김청수\3학년 1학기\컴퓨터 그래픽 실습\shooting game project(final)\shooting game.cpp(94): warning C4244: '=': 'int'에서 'float'(으)로 변환하면서 데이터가 손실될 수 있습니다.
c:\users\rlacj\desktop\김청수\3학년 1학기\컴퓨터 그래픽 실습\shooting game project(final)\shooting game.cpp(96): warning C4244: '=': 'int'에서 'float'(으)로 변환하면서 데이터가 손실될 수 있습니다.
c:\users\rlacj\desktop\김청수\3학년 1학기\컴퓨터 그래픽 실습\shooting game project(final)\shooting game.cpp(175): warning C4244: '인수': 'float'에서 'int'(으)로 변환하면서 데이터가 손실될 수 있습니다.
c:\users\rlacj\desktop\김청수\3학년 1학기\컴퓨터 그래픽 실습\shooting game project(final)\shooting game.cpp(176): warning C4244: '인수': 'float'에서 'int'(으)로 변환하면서 데이터가 손실될 수 있습니다.
c:\users\rlacj\desktop\김청수\3학년 1학기\컴퓨터 그래픽 실습\shooting game project(final)\shooting game.cpp(177): warning C4244: '인수': 'float'에서 'int'(으)로 변환하면서 데이터가 손실될 수 있습니다.
c:\users\rlacj\desktop\김청수\3학년 1학기\컴퓨터 그래픽 실습\shooting game project(final)\shooting game.cpp(179): warning C4996: 'sprintf': This function or variable may be unsafe. Consider using sprintf_s instead. To disable deprecation, use _CRT_SECURE_NO_WARNINGS. See online help for details.
  c:\program files (x86)\windows kits\10\include\10.0.15063.0\ucrt\stdio.h(1772): note: 'sprintf' 선언을 참조하십시오.
c:\users\rlacj\desktop\김청수\3학년 1학기\컴퓨터 그래픽 실습\shooting game project(final)\shooting game.cpp(180): warning C4996: 'sprintf': This function or variable may be unsafe. Consider using sprintf_s instead. To disable deprecation, use _CRT_SECURE_NO_WARNINGS. See online help for details.
  c:\program files (x86)\windows kits\10\include\10.0.15063.0\ucrt\stdio.h(1772): note: 'sprintf' 선언을 참조하십시오.
c:\users\rlacj\desktop\김청수\3학년 1학기\컴퓨터 그래픽 실습\shooting game project(final)\shooting game.cpp(194): warning C4553: '==': 의미 없는 연산자입니다. '='을(를) 사용하려고 했습니까?
c:\users\rlacj\desktop\김청수\3학년 1학기\컴퓨터 그래픽 실습\shooting game project(final)\shooting game.cpp(202): warning C4244: '=': 'int'에서 'float'(으)로 변환하면서 데이터가 손실될 수 있습니다.
c:\users\rlacj\desktop\김청수\3학년 1학기\컴퓨터 그래픽 실습\shooting game project(final)\shooting game.cpp(203): warning C4244: '=': 'int'에서 'float'(으)로 변환하면서 데이터가 손실될 수 있습니다.
c:\users\rlacj\desktop\김청수\3학년 1학기\컴퓨터 그래픽 실습\shooting game project(final)\shooting game.cpp(601): warning C4244: '인수': 'float'에서 'int'(으)로 변환하면서 데이터가 손실될 수 있습니다.
c:\users\rlacj\desktop\김청수\3학년 1학기\컴퓨터 그래픽 실습\shooting game project(final)\shooting game.cpp(608): warning C4244: '인수': 'float'에서 'int'(으)로 변환하면서 데이터가 손실될 수 있습니다.
c:\users\rlacj\desktop\김청수\3학년 1학기\컴퓨터 그래픽 실습\shooting game project(final)\shooting game.cpp(614): warning C4244: '인수': 'float'에서 'int'(으)로 변환하면서 데이터가 손실될 수 있습니다.
c:\users\rlacj\desktop\김청수\3학년 1학기\컴퓨터 그래픽 실습\shooting game project(final)\shooting game.cpp(621): warning C4244: '인수': 'float'에서 'int'(으)로 변환하면서 데이터가 손실될 수 있습니다.
c:\users\rlacj\desktop\김청수\3학년 1학기\컴퓨터 그래픽 실습\shooting game project(final)\shooting game.cpp(628): warning C4244: '인수': 'float'에서 'int'(으)로 변환하면서 데이터가 손실될 수 있습니다.
c:\users\rlacj\desktop\김청수\3학년 1학기\컴퓨터 그래픽 실습\shooting game project(final)\shooting game.cpp(635): warning C4456: 'e' 선언은 이전 로컬 선언을 숨깁니다.
  c:\users\rlacj\desktop\김청수\3학년 1학기\컴퓨터 그래픽 실습\shooting game project(final)\shooting game.cpp(600): note: 'e' 선언을 참조하십시오.
c:\users\rlacj\desktop\김청수\3학년 1학기\컴퓨터 그래픽 실습\shooting game project(final)\shooting game.cpp(636): warning C4244: '인수': 'int'에서 'float'(으)로 변환하면서 데이터가 손실될 수 있습니다.
c:\users\rlacj\desktop\김청수\3학년 1학기\컴퓨터 그래픽 실습\shooting game project(final)\shooting game.cpp(636): warning C4244: '인수': 'float'에서 'int'(으)로 변환하면서 데이터가 손실될 수 있습니다.
c:\users\rlacj\desktop\김청수\3학년 1학기\컴퓨터 그래픽 실습\shooting game project(final)\shooting game.cpp(649): warning C4244: '인수': 'float'에서 'int'(으)로 변환하면서 데이터가 손실될 수 있습니다.
c:\users\rlacj\desktop\김청수\3학년 1학기\컴퓨터 그래픽 실습\shooting game project(final)\shooting game.cpp(685): warning C4244: '인수': 'int'에서 'float'(으)로 변환하면서 데이터가 손실될 수 있습니다.
c:\users\rlacj\desktop\김청수\3학년 1학기\컴퓨터 그래픽 실습\shooting game project(final)\shooting game.cpp(704): warning C4100: 'm': 참조되지 않은 정식 매개 변수입니다.
c:\users\rlacj\desktop\김청수\3학년 1학기\컴퓨터 그래픽 실습\shooting game project(final)\shooting game.cpp(879): warning C4244: '인수': 'int'에서 'float'(으)로 변환하면서 데이터가 손실될 수 있습니다.
c:\users\rlacj\desktop\김청수\3학년 1학기\컴퓨터 그래픽 실습\shooting game project(final)\shooting game.cpp(885): warning C4244: '=': 'DWORD'에서 'float'(으)로 변환하면서 데이터가 손실될 수 있습니다.
c:\users\rlacj\desktop\김청수\3학년 1학기\컴퓨터 그래픽 실습\shooting game project(final)\shooting game.cpp(896): warning C4244: '인수': 'float'에서 'int'(으)로 변환하면서 데이터가 손실될 수 있습니다.
c:\users\rlacj\desktop\김청수\3학년 1학기\컴퓨터 그래픽 실습\shooting game project(final)\shooting game.cpp(903): warning C4244: '인수': 'float'에서 'int'(으)로 변환하면서 데이터가 손실될 수 있습니다.
c:\users\rlacj\desktop\김청수\3학년 1학기\컴퓨터 그래픽 실습\shooting game project(final)\shooting game.cpp(912): warning C4244: '인수': 'float'에서 'int'(으)로 변환하면서 데이터가 손실될 수 있습니다.
c:\users\rlacj\desktop\김청수\3학년 1학기\컴퓨터 그래픽 실습\shooting game project(final)\shooting game.cpp(933): warning C4244: '=': 'DWORD'에서 'float'(으)로 변환하면서 데이터가 손실될 수 있습니다.
c:\users\rlacj\desktop\김청수\3학년 1학기\컴퓨터 그래픽 실습\shooting game project(final)\shooting game.cpp(941): warning C4456: 'rect_out' 선언은 이전 로컬 선언을 숨깁니다.
  c:\users\rlacj\desktop\김청수\3학년 1학기\컴퓨터 그래픽 실습\shooting game project(final)\shooting game.cpp(829): note: 'rect_out' 선언을 참조하십시오.
c:\users\rlacj\desktop\김청수\3학년 1학기\컴퓨터 그래픽 실습\shooting game project(final)\shooting game.cpp(781): warning C4100: 'lpCmdLine': 참조되지 않은 정식 매개 변수입니다.
c:\users\rlacj\desktop\김청수\3학년 1학기\컴퓨터 그래픽 실습\shooting game project(final)\shooting game.cpp(780): warning C4100: 'hPrevInstance': 참조되지 않은 정식 매개 변수입니다.
  Matrices49860489_2010.vcxproj -> C:\Users\rlacj\Desktop\김청수\3학년 1학기\컴퓨터 그래픽 실습\Shooting Game project(final)\Debug\Matrices49860489.exe
  Matrices49860489_2010.vcxproj -> C:\Users\rlacj\Desktop\김청수\3학년 1학기\컴퓨터 그래픽 실습\Shooting Game project(final)\Debug\Matrices49860489.pdb (Full PDB)
